<?xml version="1.0" encoding="UTF-8"?>
<testsuite name="kleinert.soap.data.Char32RangeTest" tests="5" skipped="0" failures="0" errors="0" timestamp="2025-07-21T21:14:46" hostname="pc1" time="0.016">
  <properties/>
  <testcase name="getEndExclusive()" classname="kleinert.soap.data.Char32RangeTest" time="0.005"/>
  <testcase name="contains()" classname="kleinert.soap.data.Char32RangeTest" time="0.001"/>
  <testcase name="iterator()" classname="kleinert.soap.data.Char32RangeTest" time="0.001"/>
  <testcase name="testEquals()" classname="kleinert.soap.data.Char32RangeTest" time="0.001"/>
  <testcase name="isEmpty()" classname="kleinert.soap.data.Char32RangeTest" time="0.001"/>
  <system-out><![CDATA[]]></system-out>
  <system-err><![CDATA[]]></system-err>
</testsuite>
