<?xml version="1.0" encoding="UTF-8"?>
<testsuite name="kleinert.soap.edn.EDNReaderTest" tests="14" skipped="0" failures="0" errors="0" timestamp="2025-07-22T23:13:25" hostname="pc1" time="0.072">
  <properties/>
  <testcase name="parseMapSimple()" classname="kleinert.soap.edn.EDNReaderTest" time="0.008"/>
  <testcase name="parseDiscardInCollectionTest()" classname="kleinert.soap.edn.EDNReaderTest" time="0.004"/>
  <testcase name="parseDiscardTest()" classname="kleinert.soap.edn.EDNReaderTest" time="0.005"/>
  <testcase name="parseListSimple()" classname="kleinert.soap.edn.EDNReaderTest" time="0.001"/>
  <testcase name="parseStringUnclosedTest()" classname="kleinert.soap.edn.EDNReaderTest" time="0.01"/>
  <testcase name="parseEmptyMap()" classname="kleinert.soap.edn.EDNReaderTest" time="0.002"/>
  <testcase name="parseEmptySet()" classname="kleinert.soap.edn.EDNReaderTest" time="0.003"/>
  <testcase name="parseStringUnicodeSequenceTest()" classname="kleinert.soap.edn.EDNReaderTest" time="0.001"/>
  <testcase name="parseStringEscapeSequenceTest()" classname="kleinert.soap.edn.EDNReaderTest" time="0.002"/>
  <testcase name="parseStringBasicTest()" classname="kleinert.soap.edn.EDNReaderTest" time="0.002"/>
  <testcase name="parseDiscardAssociativityTest()" classname="kleinert.soap.edn.EDNReaderTest" time="0.001"/>
  <testcase name="parseDiscardSimpleTest()" classname="kleinert.soap.edn.EDNReaderTest" time="0.003"/>
  <testcase name="parseSetSimple()" classname="kleinert.soap.edn.EDNReaderTest" time="0.002"/>
  <testcase name="parseVectorSimple()" classname="kleinert.soap.edn.EDNReaderTest" time="0.004"/>
  <system-out><![CDATA[]]></system-out>
  <system-err><![CDATA[]]></system-err>
</testsuite>
