<?xml version="1.0" encoding="UTF-8"?>
<testsuite name="kleinert.soap.edn.EDNReaderMetaTest" tests="10" skipped="0" failures="0" errors="0" timestamp="2025-07-23T20:45:08" hostname="pc1" time="0.063">
  <properties/>
  <testcase name="parseDispatchMetaMapTest()" classname="kleinert.soap.edn.EDNReaderMetaTest" time="0.014"/>
  <testcase name="parseMetaSymbolTest()" classname="kleinert.soap.edn.EDNReaderMetaTest" time="0.005"/>
  <testcase name="parseDispatchMetaKeywordTest()" classname="kleinert.soap.edn.EDNReaderMetaTest" time="0.004"/>
  <testcase name="parseMetaMapTest()" classname="kleinert.soap.edn.EDNReaderMetaTest" time="0.001"/>
  <testcase name="parseDispatchMetaStringTest()" classname="kleinert.soap.edn.EDNReaderMetaTest" time="0.002"/>
  <testcase name="parseDispatchMetaErrors()" classname="kleinert.soap.edn.EDNReaderMetaTest" time="0.006"/>
  <testcase name="parseMetaErrors()" classname="kleinert.soap.edn.EDNReaderMetaTest" time="0.005"/>
  <testcase name="parseMetaStringTest()" classname="kleinert.soap.edn.EDNReaderMetaTest" time="0.001"/>
  <testcase name="parseMetaKeywordTest()" classname="kleinert.soap.edn.EDNReaderMetaTest" time="0.002"/>
  <testcase name="parseDispatchMetaSymbolTest()" classname="kleinert.soap.edn.EDNReaderMetaTest" time="0.002"/>
  <system-out><![CDATA[]]></system-out>
  <system-err><![CDATA[]]></system-err>
</testsuite>
