<?xml version="1.0" encoding="UTF-8"?>
<testsuite name="kleinert.soap.data.OpsCompare" tests="11" skipped="0" failures="0" errors="0" timestamp="2025-07-22T23:13:24" hostname="pc1" time="0.234">
  <properties/>
  <testcase name="compareBigInt()" classname="kleinert.soap.data.OpsCompare" time="0.024"/>
  <testcase name="compareDouble()" classname="kleinert.soap.data.OpsCompare" time="0.021"/>
  <testcase name="compareComplexFail()" classname="kleinert.soap.data.OpsCompare" time="0.011"/>
  <testcase name="compareInt()" classname="kleinert.soap.data.OpsCompare" time="0.032"/>
  <testcase name="compareByte()" classname="kleinert.soap.data.OpsCompare" time="0.028"/>
  <testcase name="compareLong()" classname="kleinert.soap.data.OpsCompare" time="0.016"/>
  <testcase name="compareBigDecimal()" classname="kleinert.soap.data.OpsCompare" time="0.012"/>
  <testcase name="compareFloat()" classname="kleinert.soap.data.OpsCompare" time="0.014"/>
  <testcase name="compareRatio()" classname="kleinert.soap.data.OpsCompare" time="0.018"/>
  <testcase name="compareShort()" classname="kleinert.soap.data.OpsCompare" time="0.021"/>
  <testcase name="compareComplex()" classname="kleinert.soap.data.OpsCompare" time="0.016"/>
  <system-out><![CDATA[]]></system-out>
  <system-err><![CDATA[]]></system-err>
</testsuite>
