<?xml version="1.0" encoding="UTF-8"?>
<testsuite name="kleinert.soap.edn.EDNReaderNumberWithSuffixTest" tests="4" skipped="0" failures="0" errors="0" timestamp="2025-07-23T20:45:08" hostname="pc1" time="0.029">
  <properties/>
  <testcase name="parseIntegerDecimal()" classname="kleinert.soap.edn.EDNReaderNumberWithSuffixTest" time="0.006"/>
  <testcase name="parseIntegerOctal()" classname="kleinert.soap.edn.EDNReaderNumberWithSuffixTest" time="0.005"/>
  <testcase name="parseIntegerBinary()" classname="kleinert.soap.edn.EDNReaderNumberWithSuffixTest" time="0.003"/>
  <testcase name="parseIntegerHex()" classname="kleinert.soap.edn.EDNReaderNumberWithSuffixTest" time="0.007"/>
  <system-out><![CDATA[]]></system-out>
  <system-err><![CDATA[]]></system-err>
</testsuite>
