<?xml version="1.0" encoding="UTF-8"?>
<testsuite name="kleinert.soap.edn.EDNReaderStringTest" tests="4" skipped="0" failures="0" errors="0" timestamp="2025-07-21T21:14:48" hostname="pc1" time="0.011">
  <properties/>
  <testcase name="parseStringUnclosedTest()" classname="kleinert.soap.edn.EDNReaderStringTest" time="0.002"/>
  <testcase name="parseStringUnicodeSequenceTest()" classname="kleinert.soap.edn.EDNReaderStringTest" time="0.002"/>
  <testcase name="parseStringEscapeSequenceTest()" classname="kleinert.soap.edn.EDNReaderStringTest" time="0.004"/>
  <testcase name="parseStringBasicTest()" classname="kleinert.soap.edn.EDNReaderStringTest" time="0.001"/>
  <system-out><![CDATA[]]></system-out>
  <system-err><![CDATA[]]></system-err>
</testsuite>
