<?xml version="1.0" encoding="UTF-8"?>
<testsuite name="kleinert.soap.edn.EDNReaderDispatchSimpleTest" tests="5" skipped="0" failures="0" errors="0" timestamp="2025-07-21T21:14:47" hostname="pc1" time="0.07">
  <properties/>
  <testcase name="parseDiscardTest()" classname="kleinert.soap.edn.EDNReaderDispatchSimpleTest" time="0.012"/>
  <testcase name="parseInstTest()" classname="kleinert.soap.edn.EDNReaderDispatchSimpleTest" time="0.042"/>
  <testcase name="parseSymbolicTest()" classname="kleinert.soap.edn.EDNReaderDispatchSimpleTest" time="0.001"/>
  <testcase name="parseDispatchChar()" classname="kleinert.soap.edn.EDNReaderDispatchSimpleTest" time="0.005"/>
  <testcase name="parseUuidTest()" classname="kleinert.soap.edn.EDNReaderDispatchSimpleTest" time="0.005"/>
  <system-out><![CDATA[]]></system-out>
  <system-err><![CDATA[]]></system-err>
</testsuite>
