<?xml version="1.0" encoding="UTF-8"?>
<testsuite name="kleinert.soap.data.Char32ProgressionTest" tests="8" skipped="0" failures="0" errors="0" timestamp="2025-07-21T21:14:46" hostname="pc1" time="0.071">
  <properties/>
  <testcase name="getEndInclusive()" classname="kleinert.soap.data.Char32ProgressionTest" time="0.035"/>
  <testcase name="getLast()" classname="kleinert.soap.data.Char32ProgressionTest" time="0.001"/>
  <testcase name="getStep()" classname="kleinert.soap.data.Char32ProgressionTest" time="0.001"/>
  <testcase name="iterator()" classname="kleinert.soap.data.Char32ProgressionTest" time="0.013"/>
  <testcase name="testEquals()" classname="kleinert.soap.data.Char32ProgressionTest" time="0.006"/>
  <testcase name="getFirst()" classname="kleinert.soap.data.Char32ProgressionTest" time="0.001"/>
  <testcase name="getStart()" classname="kleinert.soap.data.Char32ProgressionTest" time="0.001"/>
  <testcase name="isEmpty()" classname="kleinert.soap.data.Char32ProgressionTest" time="0.002"/>
  <system-out><![CDATA[]]></system-out>
  <system-err><![CDATA[]]></system-err>
</testsuite>
