<?xml version="1.0" encoding="UTF-8"?>
<testsuite name="kleinert.soap.edn.EDNReaderDispatchTaggedPredefinedTest" tests="4" skipped="0" failures="0" errors="0" timestamp="2025-07-23T20:45:07" hostname="pc1" time="0.1">
  <properties/>
  <testcase name="parseArrayDecodersTest()" classname="kleinert.soap.edn.EDNReaderDispatchTaggedPredefinedTest" time="0.032"/>
  <testcase name="parsePackedListDecodeTest()" classname="kleinert.soap.edn.EDNReaderDispatchTaggedPredefinedTest" time="0.009"/>
  <testcase name="parseArrayDecodersFailureTest()" classname="kleinert.soap.edn.EDNReaderDispatchTaggedPredefinedTest" time="0.035"/>
  <testcase name="parseNumericArrayDecodersTest()" classname="kleinert.soap.edn.EDNReaderDispatchTaggedPredefinedTest" time="0.02"/>
  <system-out><![CDATA[]]></system-out>
  <system-err><![CDATA[]]></system-err>
</testsuite>
