<?xml version="1.0" encoding="UTF-8"?>
<testsuite name="kleinert.soap.data.OpsMultiplyDivide" tests="11" skipped="0" failures="0" errors="0" timestamp="2025-07-22T23:13:24" hostname="pc1" time="0.077">
  <properties/>
  <testcase name="multiplyDivideComplexFail()" classname="kleinert.soap.data.OpsMultiplyDivide" time="0.007"/>
  <testcase name="multiplyDivideFloat()" classname="kleinert.soap.data.OpsMultiplyDivide" time="0.011"/>
  <testcase name="multiplyDivideRatio()" classname="kleinert.soap.data.OpsMultiplyDivide" time="0.002"/>
  <testcase name="multiplyDivideShort()" classname="kleinert.soap.data.OpsMultiplyDivide" time="0.003"/>
  <testcase name="multiplyDivideByte()" classname="kleinert.soap.data.OpsMultiplyDivide" time="0.001"/>
  <testcase name="multiplyDivideLong()" classname="kleinert.soap.data.OpsMultiplyDivide" time="0.002"/>
  <testcase name="multiplyDivideInt()" classname="kleinert.soap.data.OpsMultiplyDivide" time="0.002"/>
  <testcase name="multiplyDivideComplex()" classname="kleinert.soap.data.OpsMultiplyDivide" time="0.002"/>
  <testcase name="multiplyDivideBigInt()" classname="kleinert.soap.data.OpsMultiplyDivide" time="0.01"/>
  <testcase name="multiplyDivideDouble()" classname="kleinert.soap.data.OpsMultiplyDivide" time="0.007"/>
  <testcase name="multiplyDivideBigDecimal()" classname="kleinert.soap.data.OpsMultiplyDivide" time="0.001"/>
  <system-out><![CDATA[]]></system-out>
  <system-err><![CDATA[]]></system-err>
</testsuite>
