<?xml version="1.0" encoding="UTF-8"?>
<testsuite name="kleinert.soap.data.PackedListTest" tests="10" skipped="0" failures="0" errors="0" timestamp="2025-07-23T20:45:07" hostname="pc1" time="0.174">
  <properties/>
  <testcase name="test3x2Unpacked()" classname="kleinert.soap.data.PackedListTest" time="0.006"/>
  <testcase name="testEmptyUnpacked()" classname="kleinert.soap.data.PackedListTest" time="0.013"/>
  <testcase name="test3x2Packed()" classname="kleinert.soap.data.PackedListTest" time="0.004"/>
  <testcase name="testSimplePacked()" classname="kleinert.soap.data.PackedListTest" time="0.007"/>
  <testcase name="testSimpleUnpacked()" classname="kleinert.soap.data.PackedListTest" time="0.005"/>
  <testcase name="testEmptyPacked()" classname="kleinert.soap.data.PackedListTest" time="0.045"/>
  <testcase name="testSingletonPacked()" classname="kleinert.soap.data.PackedListTest" time="0.013"/>
  <testcase name="testIndexOutOfBoundsCases()" classname="kleinert.soap.data.PackedListTest" time="0.035"/>
  <testcase name="textFrozen()" classname="kleinert.soap.data.PackedListTest" time="0.011"/>
  <testcase name="testSingletonUnpacked()" classname="kleinert.soap.data.PackedListTest" time="0.006"/>
  <system-out><![CDATA[]]></system-out>
  <system-err><![CDATA[]]></system-err>
</testsuite>
