<?xml version="1.0" encoding="UTF-8"?>
<testsuite name="kleinert.soap.edn.EDNReaderSymbolTest" tests="6" skipped="0" failures="0" errors="0" timestamp="2025-07-23T23:30:18" hostname="pc1" time="0.009">
  <properties/>
  <testcase name="parseSymbolUTFTest()" classname="kleinert.soap.edn.EDNReaderSymbolTest" time="0.001"/>
  <testcase name="parseSymbolWithNamespaceTest()" classname="kleinert.soap.edn.EDNReaderSymbolTest" time="0.001"/>
  <testcase name="parseInvalidSymbolTest()" classname="kleinert.soap.edn.EDNReaderSymbolTest" time="0.001"/>
  <testcase name="parseSymbolBasicTest()" classname="kleinert.soap.edn.EDNReaderSymbolTest" time="0.001"/>
  <testcase name="parseSymbolSymbolsTest()" classname="kleinert.soap.edn.EDNReaderSymbolTest" time="0.0"/>
  <testcase name="parseSymbolSymbolsMixTest()" classname="kleinert.soap.edn.EDNReaderSymbolTest" time="0.001"/>
  <system-out><![CDATA[]]></system-out>
  <system-err><![CDATA[]]></system-err>
</testsuite>
