<?xml version="1.0" encoding="UTF-8"?>
<testsuite name="kleinert.soap.data.MutableListViewTest" tests="5" skipped="0" failures="0" errors="0" timestamp="2025-07-23T23:30:17" hostname="pc1" time="0.016">
  <properties/>
  <testcase name="testSet()" classname="kleinert.soap.data.MutableListViewTest" time="0.004"/>
  <testcase name="testEmpty()" classname="kleinert.soap.data.MutableListViewTest" time="0.002"/>
  <testcase name="testErrors()" classname="kleinert.soap.data.MutableListViewTest" time="0.003"/>
  <testcase name="testSimple()" classname="kleinert.soap.data.MutableListViewTest" time="0.001"/>
  <testcase name="testSublist()" classname="kleinert.soap.data.MutableListViewTest" time="0.001"/>
  <system-out><![CDATA[]]></system-out>
  <system-err><![CDATA[]]></system-err>
</testsuite>
