<?xml version="1.0" encoding="UTF-8"?>
<testsuite name="kleinert.soap.edn.EDNReaderCharTest" tests="5" skipped="0" failures="0" errors="0" timestamp="2025-07-21T21:14:47" hostname="pc1" time="0.025">
  <properties/>
  <testcase name="parseSimpleCharsTest()" classname="kleinert.soap.edn.EDNReaderCharTest" time="0.007"/>
  <testcase name="parseOctCharsTest()" classname="kleinert.soap.edn.EDNReaderCharTest" time="0.001"/>
  <testcase name="parseSymbolCharsTest()" classname="kleinert.soap.edn.EDNReaderCharTest" time="0.007"/>
  <testcase name="parseUniCharsTest()" classname="kleinert.soap.edn.EDNReaderCharTest" time="0.003"/>
  <testcase name="parseSpecialCharsTest()" classname="kleinert.soap.edn.EDNReaderCharTest" time="0.001"/>
  <system-out><![CDATA[]]></system-out>
  <system-err><![CDATA[]]></system-err>
</testsuite>
