<?xml version="1.0" encoding="UTF-8"?>
<testsuite name="kleinert.soap.edn.EDNReaderNumberBasicIntegralTest" tests="5" skipped="0" failures="0" errors="0" timestamp="2025-07-23T12:20:17" hostname="pc1" time="0.097">
  <properties/>
  <testcase name="parseBigInt()" classname="kleinert.soap.edn.EDNReaderNumberBasicIntegralTest" time="0.043"/>
  <testcase name="parseIntegerDecimal()" classname="kleinert.soap.edn.EDNReaderNumberBasicIntegralTest" time="0.007"/>
  <testcase name="parseIntegerOctal()" classname="kleinert.soap.edn.EDNReaderNumberBasicIntegralTest" time="0.004"/>
  <testcase name="parseIntegerBinary()" classname="kleinert.soap.edn.EDNReaderNumberBasicIntegralTest" time="0.018"/>
  <testcase name="parseIntegerHex()" classname="kleinert.soap.edn.EDNReaderNumberBasicIntegralTest" time="0.007"/>
  <system-out><![CDATA[]]></system-out>
  <system-err><![CDATA[]]></system-err>
</testsuite>
