<?xml version="1.0" encoding="UTF-8"?>
<testsuite name="kleinert.soap.edn.EDNReaderStringTest" tests="4" skipped="0" failures="0" errors="0" timestamp="2025-07-22T23:13:25" hostname="pc1" time="0.03">
  <properties/>
  <testcase name="parseStringUnclosedTest()" classname="kleinert.soap.edn.EDNReaderStringTest" time="0.006"/>
  <testcase name="parseStringUnicodeSequenceTest()" classname="kleinert.soap.edn.EDNReaderStringTest" time="0.002"/>
  <testcase name="parseStringEscapeSequenceTest()" classname="kleinert.soap.edn.EDNReaderStringTest" time="0.012"/>
  <testcase name="parseStringBasicTest()" classname="kleinert.soap.edn.EDNReaderStringTest" time="0.001"/>
  <system-out><![CDATA[]]></system-out>
  <system-err><![CDATA[]]></system-err>
</testsuite>
