<?xml version="1.0" encoding="UTF-8"?>
<testsuite name="kleinert.soap.data.Char32ProgressionTest" tests="8" skipped="0" failures="0" errors="0" timestamp="2025-07-23T12:20:13" hostname="pc1" time="0.23">
  <properties/>
  <testcase name="getEndInclusive()" classname="kleinert.soap.data.Char32ProgressionTest" time="0.117"/>
  <testcase name="getLast()" classname="kleinert.soap.data.Char32ProgressionTest" time="0.007"/>
  <testcase name="getStep()" classname="kleinert.soap.data.Char32ProgressionTest" time="0.008"/>
  <testcase name="iterator()" classname="kleinert.soap.data.Char32ProgressionTest" time="0.013"/>
  <testcase name="testEquals()" classname="kleinert.soap.data.Char32ProgressionTest" time="0.015"/>
  <testcase name="getFirst()" classname="kleinert.soap.data.Char32ProgressionTest" time="0.001"/>
  <testcase name="getStart()" classname="kleinert.soap.data.Char32ProgressionTest" time="0.009"/>
  <testcase name="isEmpty()" classname="kleinert.soap.data.Char32ProgressionTest" time="0.009"/>
  <system-out><![CDATA[]]></system-out>
  <system-err><![CDATA[]]></system-err>
</testsuite>
