<?xml version="1.0" encoding="UTF-8"?>
<testsuite name="kleinert.soap.edn.EDNReaderSetsMapsTest" tests="4" skipped="0" failures="0" errors="0" timestamp="2025-07-23T12:20:18" hostname="pc1" time="0.189">
  <properties/>
  <testcase name="parseEmpty()" classname="kleinert.soap.edn.EDNReaderSetsMapsTest" time="0.001"/>
  <testcase name="invalidTest()" classname="kleinert.soap.edn.EDNReaderSetsMapsTest" time="0.026"/>
  <testcase name="parseWithConverter()" classname="kleinert.soap.edn.EDNReaderSetsMapsTest" time="0.031"/>
  <testcase name="parseBasicList()" classname="kleinert.soap.edn.EDNReaderSetsMapsTest" time="0.124"/>
  <system-out><![CDATA[]]></system-out>
  <system-err><![CDATA[]]></system-err>
</testsuite>
