<?xml version="1.0" encoding="UTF-8"?>
<testsuite name="kleinert.soap.edn.EDNReaderKeywordTest" tests="6" skipped="0" failures="0" errors="0" timestamp="2025-07-21T21:14:47" hostname="pc1" time="0.024">
  <properties/>
  <testcase name="parseKeywordSymbolsTest()" classname="kleinert.soap.edn.EDNReaderKeywordTest" time="0.001"/>
  <testcase name="parseKeywordSymbolsMixTest()" classname="kleinert.soap.edn.EDNReaderKeywordTest" time="0.005"/>
  <testcase name="parseKeywordWithNamespaceTest()" classname="kleinert.soap.edn.EDNReaderKeywordTest" time="0.001"/>
  <testcase name="parseKeywordUTFTest()" classname="kleinert.soap.edn.EDNReaderKeywordTest" time="0.002"/>
  <testcase name="parseInvalidKeywordTest()" classname="kleinert.soap.edn.EDNReaderKeywordTest" time="0.004"/>
  <testcase name="parseKeywordBasicTest()" classname="kleinert.soap.edn.EDNReaderKeywordTest" time="0.003"/>
  <system-out><![CDATA[]]></system-out>
  <system-err><![CDATA[]]></system-err>
</testsuite>
