<?xml version="1.0" encoding="UTF-8"?>
<testsuite name="kleinert.soap.data.OpsCompare" tests="11" skipped="0" failures="0" errors="0" timestamp="2025-07-23T23:30:17" hostname="pc1" time="0.117">
  <properties/>
  <testcase name="compareBigInt()" classname="kleinert.soap.data.OpsCompare" time="0.012"/>
  <testcase name="compareDouble()" classname="kleinert.soap.data.OpsCompare" time="0.011"/>
  <testcase name="compareComplexFail()" classname="kleinert.soap.data.OpsCompare" time="0.005"/>
  <testcase name="compareInt()" classname="kleinert.soap.data.OpsCompare" time="0.012"/>
  <testcase name="compareByte()" classname="kleinert.soap.data.OpsCompare" time="0.009"/>
  <testcase name="compareLong()" classname="kleinert.soap.data.OpsCompare" time="0.01"/>
  <testcase name="compareBigDecimal()" classname="kleinert.soap.data.OpsCompare" time="0.01"/>
  <testcase name="compareFloat()" classname="kleinert.soap.data.OpsCompare" time="0.01"/>
  <testcase name="compareRatio()" classname="kleinert.soap.data.OpsCompare" time="0.009"/>
  <testcase name="compareShort()" classname="kleinert.soap.data.OpsCompare" time="0.008"/>
  <testcase name="compareComplex()" classname="kleinert.soap.data.OpsCompare" time="0.009"/>
  <system-out><![CDATA[]]></system-out>
  <system-err><![CDATA[]]></system-err>
</testsuite>
