<?xml version="1.0" encoding="UTF-8"?>
<testsuite name="kleinert.soap.edn.EDNReaderStringTest" tests="4" skipped="0" failures="0" errors="0" timestamp="2025-07-23T20:45:08" hostname="pc1" time="0.041">
  <properties/>
  <testcase name="parseStringUnclosedTest()" classname="kleinert.soap.edn.EDNReaderStringTest" time="0.01"/>
  <testcase name="parseStringUnicodeSequenceTest()" classname="kleinert.soap.edn.EDNReaderStringTest" time="0.002"/>
  <testcase name="parseStringEscapeSequenceTest()" classname="kleinert.soap.edn.EDNReaderStringTest" time="0.021"/>
  <testcase name="parseStringBasicTest()" classname="kleinert.soap.edn.EDNReaderStringTest" time="0.002"/>
  <system-out><![CDATA[]]></system-out>
  <system-err><![CDATA[]]></system-err>
</testsuite>
