<?xml version="1.0" encoding="UTF-8"?>
<testsuite name="kleinert.soap.data.OpsCompare" tests="11" skipped="0" failures="0" errors="0" timestamp="2025-07-23T20:45:06" hostname="pc1" time="0.307">
  <properties/>
  <testcase name="compareBigInt()" classname="kleinert.soap.data.OpsCompare" time="0.036"/>
  <testcase name="compareDouble()" classname="kleinert.soap.data.OpsCompare" time="0.045"/>
  <testcase name="compareComplexFail()" classname="kleinert.soap.data.OpsCompare" time="0.016"/>
  <testcase name="compareInt()" classname="kleinert.soap.data.OpsCompare" time="0.022"/>
  <testcase name="compareByte()" classname="kleinert.soap.data.OpsCompare" time="0.022"/>
  <testcase name="compareLong()" classname="kleinert.soap.data.OpsCompare" time="0.028"/>
  <testcase name="compareBigDecimal()" classname="kleinert.soap.data.OpsCompare" time="0.015"/>
  <testcase name="compareFloat()" classname="kleinert.soap.data.OpsCompare" time="0.036"/>
  <testcase name="compareRatio()" classname="kleinert.soap.data.OpsCompare" time="0.019"/>
  <testcase name="compareShort()" classname="kleinert.soap.data.OpsCompare" time="0.018"/>
  <testcase name="compareComplex()" classname="kleinert.soap.data.OpsCompare" time="0.023"/>
  <system-out><![CDATA[]]></system-out>
  <system-err><![CDATA[]]></system-err>
</testsuite>
