<?xml version="1.0" encoding="UTF-8"?>
<testsuite name="kleinert.soap.edn.EDNReaderNumberBasicIntegralTest" tests="5" skipped="0" failures="0" errors="0" timestamp="2025-07-22T23:13:25" hostname="pc1" time="0.047">
  <properties/>
  <testcase name="parseBigInt()" classname="kleinert.soap.edn.EDNReaderNumberBasicIntegralTest" time="0.013"/>
  <testcase name="parseIntegerDecimal()" classname="kleinert.soap.edn.EDNReaderNumberBasicIntegralTest" time="0.002"/>
  <testcase name="parseIntegerOctal()" classname="kleinert.soap.edn.EDNReaderNumberBasicIntegralTest" time="0.01"/>
  <testcase name="parseIntegerBinary()" classname="kleinert.soap.edn.EDNReaderNumberBasicIntegralTest" time="0.012"/>
  <testcase name="parseIntegerHex()" classname="kleinert.soap.edn.EDNReaderNumberBasicIntegralTest" time="0.005"/>
  <system-out><![CDATA[]]></system-out>
  <system-err><![CDATA[]]></system-err>
</testsuite>
