<?xml version="1.0" encoding="UTF-8"?>
<testsuite name="kleinert.soap.edn.EDNReaderSetsMapsTest" tests="4" skipped="0" failures="0" errors="0" timestamp="2025-07-23T20:45:08" hostname="pc1" time="0.079">
  <properties/>
  <testcase name="parseEmpty()" classname="kleinert.soap.edn.EDNReaderSetsMapsTest" time="0.002"/>
  <testcase name="invalidTest()" classname="kleinert.soap.edn.EDNReaderSetsMapsTest" time="0.011"/>
  <testcase name="parseWithConverter()" classname="kleinert.soap.edn.EDNReaderSetsMapsTest" time="0.008"/>
  <testcase name="parseBasicList()" classname="kleinert.soap.edn.EDNReaderSetsMapsTest" time="0.05"/>
  <system-out><![CDATA[]]></system-out>
  <system-err><![CDATA[]]></system-err>
</testsuite>
