<?xml version="1.0" encoding="UTF-8"?>
<testsuite name="kleinert.soap.edn.EDNReaderDispatchSimpleTest" tests="5" skipped="0" failures="0" errors="0" timestamp="2025-07-23T23:30:18" hostname="pc1" time="0.05">
  <properties/>
  <testcase name="parseDiscardTest()" classname="kleinert.soap.edn.EDNReaderDispatchSimpleTest" time="0.017"/>
  <testcase name="parseInstTest()" classname="kleinert.soap.edn.EDNReaderDispatchSimpleTest" time="0.022"/>
  <testcase name="parseSymbolicTest()" classname="kleinert.soap.edn.EDNReaderDispatchSimpleTest" time="0.002"/>
  <testcase name="parseDispatchChar()" classname="kleinert.soap.edn.EDNReaderDispatchSimpleTest" time="0.003"/>
  <testcase name="parseUuidTest()" classname="kleinert.soap.edn.EDNReaderDispatchSimpleTest" time="0.003"/>
  <system-out><![CDATA[]]></system-out>
  <system-err><![CDATA[]]></system-err>
</testsuite>
