<?xml version="1.0" encoding="UTF-8"?>
<testsuite name="kleinert.soap.edn.EDNReaderSetsMapsTest" tests="4" skipped="0" failures="0" errors="0" timestamp="2025-07-21T21:14:48" hostname="pc1" time="0.057">
  <properties/>
  <testcase name="parseEmpty()" classname="kleinert.soap.edn.EDNReaderSetsMapsTest" time="0.004"/>
  <testcase name="invalidTest()" classname="kleinert.soap.edn.EDNReaderSetsMapsTest" time="0.006"/>
  <testcase name="parseWithConverter()" classname="kleinert.soap.edn.EDNReaderSetsMapsTest" time="0.006"/>
  <testcase name="parseBasicList()" classname="kleinert.soap.edn.EDNReaderSetsMapsTest" time="0.036"/>
  <system-out><![CDATA[]]></system-out>
  <system-err><![CDATA[]]></system-err>
</testsuite>
