<?xml version="1.0" encoding="UTF-8"?>
<testsuite name="kleinert.soap.edn.EDNReaderNumberFloatyTest" tests="8" skipped="0" failures="0" errors="0" timestamp="2025-07-23T12:20:18" hostname="pc1" time="0.091">
  <properties/>
  <testcase name="parseBigDecimal()" classname="kleinert.soap.edn.EDNReaderNumberFloatyTest" time="0.012"/>
  <testcase name="parseDouble()" classname="kleinert.soap.edn.EDNReaderNumberFloatyTest" time="0.005"/>
  <testcase name="parseBigDecimalENotationBig2()" classname="kleinert.soap.edn.EDNReaderNumberFloatyTest" time="0.009"/>
  <testcase name="parseDoubleENotationBig()" classname="kleinert.soap.edn.EDNReaderNumberFloatyTest" time="0.005"/>
  <testcase name="parseDoubleENotationBig2()" classname="kleinert.soap.edn.EDNReaderNumberFloatyTest" time="0.006"/>
  <testcase name="parseBigDecimalENotation()" classname="kleinert.soap.edn.EDNReaderNumberFloatyTest" time="0.009"/>
  <testcase name="parseDoubleENotation2()" classname="kleinert.soap.edn.EDNReaderNumberFloatyTest" time="0.009"/>
  <testcase name="parseDoubleENotation()" classname="kleinert.soap.edn.EDNReaderNumberFloatyTest" time="0.003"/>
  <system-out><![CDATA[]]></system-out>
  <system-err><![CDATA[]]></system-err>
</testsuite>
