<?xml version="1.0" encoding="UTF-8"?>
<testsuite name="kleinert.soap.edn.EDNReaderListsVectorsTest" tests="5" skipped="0" failures="0" errors="0" timestamp="2025-07-23T12:20:17" hostname="pc1" time="0.083">
  <properties/>
  <testcase name="parseNestedList()" classname="kleinert.soap.edn.EDNReaderListsVectorsTest" time="0.013"/>
  <testcase name="invalidTest()" classname="kleinert.soap.edn.EDNReaderListsVectorsTest" time="0.013"/>
  <testcase name="parseWithConverter()" classname="kleinert.soap.edn.EDNReaderListsVectorsTest" time="0.007"/>
  <testcase name="parseBasicList()" classname="kleinert.soap.edn.EDNReaderListsVectorsTest" time="0.015"/>
  <testcase name="parseEmptyList()" classname="kleinert.soap.edn.EDNReaderListsVectorsTest" time="0.006"/>
  <system-out><![CDATA[]]></system-out>
  <system-err><![CDATA[]]></system-err>
</testsuite>
